{"level":"\u001b[32minfo\u001b[39m","message":"Server is running on port 4000","timestamp":"2025-10-05T06:34:13.942Z"}
{"level":"\u001b[32minfo\u001b[39m","message":"Server is running on port 4000","timestamp":"2025-10-05T06:54:16.047Z"}
{"level":"\u001b[32minfo\u001b[39m","message":"{\"method\":\"POST\",\"url\":\"/api/v1/users/signUp\",\"status\":\"201\",\"responseTime\":\"131.839\"}","timestamp":"2025-10-05T06:54:19.288Z"}
{"level":"\u001b[32minfo\u001b[39m","message":"Server is running on port 4000","timestamp":"2025-10-05T06:54:45.184Z"}
{"level":"\u001b[32minfo\u001b[39m","message":"Server is running on port 4000","timestamp":"2025-10-05T06:54:47.073Z"}
{"level":"\u001b[32minfo\u001b[39m","message":"Server is running on port 4000","timestamp":"2025-10-05T06:54:50.584Z"}
{"level":"\u001b[32minfo\u001b[39m","message":"Server is running on port 4000","timestamp":"2025-10-05T06:55:05.939Z"}
{"level":"\u001b[32minfo\u001b[39m","message":"Server is running on port 4000","timestamp":"2025-10-05T06:55:09.078Z"}
{"level":"\u001b[32minfo\u001b[39m","message":"Server is running on port 4000","timestamp":"2025-10-05T06:55:19.902Z"}
{"level":"\u001b[32minfo\u001b[39m","message":"Server is running on port 4000","timestamp":"2025-10-05T06:55:23.626Z"}
{"level":"\u001b[32minfo\u001b[39m","message":"Server is running on port 4000","timestamp":"2025-10-05T06:55:31.399Z"}
{"level":"\u001b[32minfo\u001b[39m","message":"Server is running on port 4000","timestamp":"2025-10-05T06:55:34.274Z"}
{"level":"\u001b[32minfo\u001b[39m","message":"Server is running on port 4000","timestamp":"2025-10-05T06:55:41.258Z"}
{"level":"\u001b[32minfo\u001b[39m","message":"Server is running on port 4000","timestamp":"2025-10-05T06:55:48.227Z"}
{"level":"\u001b[32minfo\u001b[39m","message":"Server is running on port 4000","timestamp":"2025-10-05T06:57:37.625Z"}
{"level":"\u001b[32minfo\u001b[39m","message":"{\"method\":\"POST\",\"url\":\"/api/v1/users/login\",\"status\":\"201\",\"responseTime\":\"124.063\"}","timestamp":"2025-10-05T06:58:01.520Z"}
{"level":"\u001b[32minfo\u001b[39m","message":"{\"method\":\"OPTIONS\",\"url\":\"/api/v1/users/login\",\"status\":\"204\",\"responseTime\":\"1.567\"}","timestamp":"2025-10-05T07:04:05.576Z"}
{"level":"\u001b[32minfo\u001b[39m","message":"{\"method\":\"POST\",\"url\":\"/api/v1/users/login\",\"status\":\"201\",\"responseTime\":\"1204.732\"}","timestamp":"2025-10-05T07:04:06.783Z"}
{"level":"\u001b[32minfo\u001b[39m","message":"{\"method\":\"OPTIONS\",\"url\":\"/api/v1/users/login\",\"status\":\"204\",\"responseTime\":\"0.302\"}","timestamp":"2025-10-05T07:08:40.666Z"}
{"level":"\u001b[32minfo\u001b[39m","message":"{\"method\":\"POST\",\"url\":\"/api/v1/users/login\",\"status\":\"201\",\"responseTime\":\"733.372\"}","timestamp":"2025-10-05T07:08:41.401Z"}
{"level":"\u001b[32minfo\u001b[39m","message":"{\"method\":\"OPTIONS\",\"url\":\"/api/v1/users/signUp\",\"status\":\"204\",\"responseTime\":\"1.816\"}","timestamp":"2025-10-05T10:09:27.423Z"}
{"level":"\u001b[32minfo\u001b[39m","message":"{\"method\":\"POST\",\"url\":\"/api/v1/users/signUp\",\"status\":\"201\",\"responseTime\":\"1761.530\"}","timestamp":"2025-10-05T10:09:29.199Z"}
{"level":"\u001b[32minfo\u001b[39m","message":"{\"method\":\"OPTIONS\",\"url\":\"/api/v1/users/signUp\",\"status\":\"204\",\"responseTime\":\"0.146\"}","timestamp":"2025-10-05T10:09:35.634Z"}
{"level":"\u001b[32minfo\u001b[39m","message":"{\"method\":\"POST\",\"url\":\"/api/v1/users/signUp\",\"status\":\"400\",\"responseTime\":\"283.697\"}","timestamp":"2025-10-05T10:09:35.920Z"}
{"level":"\u001b[32minfo\u001b[39m","message":"{\"method\":\"OPTIONS\",\"url\":\"/api/v1/users/login\",\"status\":\"204\",\"responseTime\":\"0.134\"}","timestamp":"2025-10-05T10:10:02.805Z"}
{"level":"\u001b[32minfo\u001b[39m","message":"{\"method\":\"POST\",\"url\":\"/api/v1/users/login\",\"status\":\"201\",\"responseTime\":\"86.617\"}","timestamp":"2025-10-05T10:10:02.893Z"}
{"level":"\u001b[32minfo\u001b[39m","message":"Server is running on port 4000","timestamp":"2025-10-05T14:29:50.407Z"}
{"level":"\u001b[32minfo\u001b[39m","message":"{\"method\":\"OPTIONS\",\"url\":\"/api/v1/users/login\",\"status\":\"204\",\"responseTime\":\"0.817\"}","timestamp":"2025-10-05T14:29:58.027Z"}
{"level":"\u001b[32minfo\u001b[39m","message":"{\"method\":\"POST\",\"url\":\"/api/v1/users/login\",\"status\":\"201\",\"responseTime\":\"109.161\"}","timestamp":"2025-10-05T14:29:58.346Z"}
{"level":"\u001b[32minfo\u001b[39m","message":"{\"method\":\"OPTIONS\",\"url\":\"/api/v1/users/signUp\",\"status\":\"204\",\"responseTime\":\"0.448\"}","timestamp":"2025-10-05T15:34:45.010Z"}
{"level":"\u001b[32minfo\u001b[39m","message":"{\"method\":\"POST\",\"url\":\"/api/v1/users/signUp\",\"status\":\"201\",\"responseTime\":\"170.142\"}","timestamp":"2025-10-05T15:34:45.182Z"}
{"level":"\u001b[32minfo\u001b[39m","message":"{\"method\":\"POST\",\"url\":\"/api/v1/users/signUp\",\"status\":\"400\",\"responseTime\":\"41.030\"}","timestamp":"2025-10-05T15:34:46.689Z"}
{"level":"\u001b[32minfo\u001b[39m","message":"{\"method\":\"OPTIONS\",\"url\":\"/api/v1/users/login\",\"status\":\"204\",\"responseTime\":\"0.119\"}","timestamp":"2025-10-05T15:34:57.657Z"}
{"level":"\u001b[32minfo\u001b[39m","message":"{\"method\":\"POST\",\"url\":\"/api/v1/users/login\",\"status\":\"201\",\"responseTime\":\"96.033\"}","timestamp":"2025-10-05T15:34:57.755Z"}
{"level":"\u001b[32minfo\u001b[39m","message":"Server is running on port 4000","timestamp":"2025-10-05T16:50:49.674Z"}
{"level":"\u001b[32minfo\u001b[39m","message":"{\"method\":\"OPTIONS\",\"url\":\"/api/v1/users/signUp\",\"status\":\"204\",\"responseTime\":\"2.358\"}","timestamp":"2025-10-05T16:55:21.871Z"}
{"level":"\u001b[32minfo\u001b[39m","message":"{\"method\":\"POST\",\"url\":\"/api/v1/users/signUp\",\"status\":\"500\",\"responseTime\":\"903.123\"}","timestamp":"2025-10-05T16:55:23.199Z"}
{"level":"\u001b[32minfo\u001b[39m","message":"{\"method\":\"OPTIONS\",\"url\":\"/api/v1/users/signUp\",\"status\":\"204\",\"responseTime\":\"0.244\"}","timestamp":"2025-10-05T16:55:31.305Z"}
{"level":"\u001b[32minfo\u001b[39m","message":"{\"method\":\"POST\",\"url\":\"/api/v1/users/signUp\",\"status\":\"400\",\"responseTime\":\"44.508\"}","timestamp":"2025-10-05T16:55:31.351Z"}
{"level":"\u001b[32minfo\u001b[39m","message":"{\"method\":\"OPTIONS\",\"url\":\"/api/v1/users/login\",\"status\":\"204\",\"responseTime\":\"0.130\"}","timestamp":"2025-10-05T16:56:35.850Z"}
{"level":"\u001b[32minfo\u001b[39m","message":"{\"method\":\"POST\",\"url\":\"/api/v1/users/login\",\"status\":\"403\",\"responseTime\":\"42.588\"}","timestamp":"2025-10-05T16:56:35.895Z"}
{"level":"\u001b[32minfo\u001b[39m","message":"{\"method\":\"OPTIONS\",\"url\":\"/api/v1/users/login\",\"status\":\"204\",\"responseTime\":\"0.341\"}","timestamp":"2025-10-05T16:58:06.108Z"}
{"level":"\u001b[32minfo\u001b[39m","message":"{\"method\":\"POST\",\"url\":\"/api/v1/users/login\",\"status\":\"403\",\"responseTime\":\"42.821\"}","timestamp":"2025-10-05T16:58:06.152Z"}
{"level":"\u001b[32minfo\u001b[39m","message":"{\"method\":\"OPTIONS\",\"url\":\"/api/v1/users/login\",\"status\":\"204\",\"responseTime\":\"0.121\"}","timestamp":"2025-10-05T16:58:11.838Z"}
{"level":"\u001b[32minfo\u001b[39m","message":"{\"method\":\"POST\",\"url\":\"/api/v1/users/login\",\"status\":\"403\",\"responseTime\":\"51.386\"}","timestamp":"2025-10-05T16:58:11.892Z"}
{"level":"\u001b[32minfo\u001b[39m","message":"Server is running on port 4000","timestamp":"2025-10-05T18:47:30.732Z"}
{"level":"\u001b[32minfo\u001b[39m","message":"{\"method\":\"OPTIONS\",\"url\":\"/api/v1/users/signUp\",\"status\":\"204\",\"responseTime\":\"1.410\"}","timestamp":"2025-10-05T18:49:47.675Z"}
{"level":"\u001b[32minfo\u001b[39m","message":"{\"method\":\"POST\",\"url\":\"/api/v1/users/signUp\",\"status\":\"201\",\"responseTime\":\"2569.403\"}","timestamp":"2025-10-05T18:49:50.550Z"}
{"level":"\u001b[32minfo\u001b[39m","message":"{\"method\":\"GET\",\"url\":\"/api/v1/users/verify-email?token=414602da5e0a43081120253bea571d4bcf9e9c81801bcbede8a3ab4c7fe12988\",\"status\":\"200\",\"responseTime\":\"81.875\"}","timestamp":"2025-10-05T18:50:01.724Z"}
{"level":"\u001b[32minfo\u001b[39m","message":"{\"method\":\"GET\",\"url\":\"/api/v1/users/verify-email?token=414602da5e0a43081120253bea571d4bcf9e9c81801bcbede8a3ab4c7fe12988\",\"status\":\"400\",\"responseTime\":\"36.967\"}","timestamp":"2025-10-05T18:50:01.763Z"}
{"level":"\u001b[32minfo\u001b[39m","message":"{\"method\":\"OPTIONS\",\"url\":\"/api/v1/users/resend-verification\",\"status\":\"204\",\"responseTime\":\"0.162\"}","timestamp":"2025-10-05T18:50:16.946Z"}
{"level":"\u001b[32minfo\u001b[39m","message":"{\"method\":\"POST\",\"url\":\"/api/v1/users/resend-verification\",\"status\":\"400\",\"responseTime\":\"36.795\"}","timestamp":"2025-10-05T18:50:16.986Z"}
{"level":"\u001b[32minfo\u001b[39m","message":"{\"method\":\"OPTIONS\",\"url\":\"/api/v1/users/login\",\"status\":\"204\",\"responseTime\":\"0.079\"}","timestamp":"2025-10-05T18:50:45.220Z"}
{"level":"\u001b[32minfo\u001b[39m","message":"{\"method\":\"POST\",\"url\":\"/api/v1/users/login\",\"status\":\"200\",\"responseTime\":\"125.595\"}","timestamp":"2025-10-05T18:50:45.347Z"}
{"level":"\u001b[32minfo\u001b[39m","message":"Server is running on port 4000","timestamp":"2025-10-05T18:52:03.733Z"}
{"level":"\u001b[32minfo\u001b[39m","message":"{\"method\":\"OPTIONS\",\"url\":\"/api/v1/users/signUp\",\"status\":\"204\",\"responseTime\":\"0.879\"}","timestamp":"2025-10-05T18:52:29.328Z"}
{"level":"\u001b[32minfo\u001b[39m","message":"{\"method\":\"POST\",\"url\":\"/api/v1/users/signUp\",\"status\":\"201\",\"responseTime\":\"3050.733\"}","timestamp":"2025-10-05T18:52:32.395Z"}
{"level":"\u001b[32minfo\u001b[39m","message":"{\"method\":\"GET\",\"url\":\"/api/v1/users/verify-email?token=f8977b3f9c95ccaa454ffabbae5e85c9c5def6290dfe44efb96d0c3cf9631ea2\",\"status\":\"200\",\"responseTime\":\"75.491\"}","timestamp":"2025-10-05T18:52:43.013Z"}
{"level":"\u001b[32minfo\u001b[39m","message":"{\"method\":\"GET\",\"url\":\"/api/v1/users/verify-email?token=f8977b3f9c95ccaa454ffabbae5e85c9c5def6290dfe44efb96d0c3cf9631ea2\",\"status\":\"400\",\"responseTime\":\"70.183\"}","timestamp":"2025-10-05T18:52:43.084Z"}
{"level":"\u001b[32minfo\u001b[39m","message":"{\"method\":\"OPTIONS\",\"url\":\"/api/v1/users/login\",\"status\":\"204\",\"responseTime\":\"0.122\"}","timestamp":"2025-10-05T18:52:57.074Z"}
{"level":"\u001b[32minfo\u001b[39m","message":"{\"method\":\"POST\",\"url\":\"/api/v1/users/login\",\"status\":\"200\",\"responseTime\":\"90.377\"}","timestamp":"2025-10-05T18:52:57.166Z"}
{"level":"\u001b[32minfo\u001b[39m","message":"{\"method\":\"OPTIONS\",\"url\":\"/api/v1/users/signUp\",\"status\":\"204\",\"responseTime\":\"0.151\"}","timestamp":"2025-10-05T18:53:25.338Z"}
{"level":"\u001b[32minfo\u001b[39m","message":"{\"method\":\"POST\",\"url\":\"/api/v1/users/signUp\",\"status\":\"201\",\"responseTime\":\"3035.381\"}","timestamp":"2025-10-05T18:53:28.376Z"}
{"level":"\u001b[32minfo\u001b[39m","message":"{\"method\":\"OPTIONS\",\"url\":\"/api/v1/users/signUp\",\"status\":\"204\",\"responseTime\":\"0.142\"}","timestamp":"2025-10-05T18:54:47.820Z"}
{"level":"\u001b[32minfo\u001b[39m","message":"{\"method\":\"POST\",\"url\":\"/api/v1/users/signUp\",\"status\":\"201\",\"responseTime\":\"2375.503\"}","timestamp":"2025-10-05T18:54:50.196Z"}
{"level":"\u001b[32minfo\u001b[39m","message":"{\"method\":\"GET\",\"url\":\"/api/v1/users/verify-email?token=1b5b19b85cbb44bd9a0d58a4742c2beaffbeba2206aae738fe18319e4d40050b\",\"status\":\"200\",\"responseTime\":\"83.973\"}","timestamp":"2025-10-05T18:54:58.198Z"}
{"level":"\u001b[32minfo\u001b[39m","message":"{\"method\":\"GET\",\"url\":\"/api/v1/users/verify-email?token=1b5b19b85cbb44bd9a0d58a4742c2beaffbeba2206aae738fe18319e4d40050b\",\"status\":\"400\",\"responseTime\":\"81.262\"}","timestamp":"2025-10-05T18:54:58.280Z"}
{"level":"\u001b[32minfo\u001b[39m","message":"{\"method\":\"OPTIONS\",\"url\":\"/api/v1/users/login\",\"status\":\"204\",\"responseTime\":\"0.143\"}","timestamp":"2025-10-05T18:55:06.793Z"}
{"level":"\u001b[32minfo\u001b[39m","message":"{\"method\":\"POST\",\"url\":\"/api/v1/users/login\",\"status\":\"200\",\"responseTime\":\"95.642\"}","timestamp":"2025-10-05T18:55:06.890Z"}
{"level":"\u001b[32minfo\u001b[39m","message":"Server is running on port 4000","timestamp":"2025-10-05T19:56:13.289Z"}
{"level":"\u001b[32minfo\u001b[39m","message":"{\"method\":\"OPTIONS\",\"url\":\"/api/v1/users/login\",\"status\":\"204\",\"responseTime\":\"1.226\"}","timestamp":"2025-10-05T19:57:01.033Z"}
{"level":"\u001b[32minfo\u001b[39m","message":"{\"method\":\"POST\",\"url\":\"/api/v1/users/login\",\"status\":\"200\",\"responseTime\":\"126.914\"}","timestamp":"2025-10-05T19:57:01.175Z"}
{"level":"\u001b[32minfo\u001b[39m","message":"Server is running on port 4000","timestamp":"2025-10-05T19:59:10.125Z"}
{"level":"\u001b[32minfo\u001b[39m","message":"Server is running on port 4000","timestamp":"2025-10-05T20:54:31.008Z"}
{"level":"\u001b[32minfo\u001b[39m","message":"{\"method\":\"OPTIONS\",\"url\":\"/api/v1/users/login\",\"status\":\"204\",\"responseTime\":\"1.527\"}","timestamp":"2025-10-05T20:56:39.577Z"}
{"level":"\u001b[32minfo\u001b[39m","message":"{\"method\":\"POST\",\"url\":\"/api/v1/users/login\",\"status\":\"400\",\"responseTime\":\"118.004\"}","timestamp":"2025-10-05T20:56:39.714Z"}
{"level":"\u001b[32minfo\u001b[39m","message":"{\"method\":\"OPTIONS\",\"url\":\"/api/v1/users/login\",\"status\":\"204\",\"responseTime\":\"0.224\"}","timestamp":"2025-10-05T20:57:02.493Z"}
{"level":"\u001b[32minfo\u001b[39m","message":"{\"method\":\"POST\",\"url\":\"/api/v1/users/login\",\"status\":\"200\",\"responseTime\":\"112.485\"}","timestamp":"2025-10-05T20:57:02.608Z"}
{"level":"\u001b[32minfo\u001b[39m","message":"Server is running on port 4000","timestamp":"2025-10-06T05:03:22.964Z"}
{"level":"\u001b[32minfo\u001b[39m","message":"{\"method\":\"OPTIONS\",\"url\":\"/api/v1/users/signUp\",\"status\":\"204\",\"responseTime\":\"3.322\"}","timestamp":"2025-10-06T05:05:46.161Z"}
{"level":"\u001b[32minfo\u001b[39m","message":"{\"method\":\"POST\",\"url\":\"/api/v1/users/signUp\",\"status\":\"201\",\"responseTime\":\"3615.239\"}","timestamp":"2025-10-06T05:05:49.820Z"}
{"level":"\u001b[32minfo\u001b[39m","message":"{\"method\":\"OPTIONS\",\"url\":\"/api/v1/users/login\",\"status\":\"204\",\"responseTime\":\"0.487\"}","timestamp":"2025-10-06T05:06:18.599Z"}
{"level":"\u001b[32minfo\u001b[39m","message":"{\"method\":\"POST\",\"url\":\"/api/v1/users/login\",\"status\":\"403\",\"responseTime\":\"50.218\"}","timestamp":"2025-10-06T05:06:18.653Z"}
{"level":"\u001b[32minfo\u001b[39m","message":"{\"method\":\"OPTIONS\",\"url\":\"/api/v1/users/login\",\"status\":\"204\",\"responseTime\":\"0.267\"}","timestamp":"2025-10-06T05:06:43.067Z"}
{"level":"\u001b[32minfo\u001b[39m","message":"{\"method\":\"POST\",\"url\":\"/api/v1/users/login\",\"status\":\"403\",\"responseTime\":\"93.114\"}","timestamp":"2025-10-06T05:06:43.168Z"}
{"level":"\u001b[32minfo\u001b[39m","message":"{\"method\":\"OPTIONS\",\"url\":\"/api/v1/users/login\",\"status\":\"204\",\"responseTime\":\"0.322\"}","timestamp":"2025-10-06T05:06:59.658Z"}
{"level":"\u001b[32minfo\u001b[39m","message":"{\"method\":\"POST\",\"url\":\"/api/v1/users/login\",\"status\":\"403\",\"responseTime\":\"93.543\"}","timestamp":"2025-10-06T05:06:59.757Z"}
{"level":"\u001b[32minfo\u001b[39m","message":"{\"method\":\"OPTIONS\",\"url\":\"/api/v1/users/resend-verification\",\"status\":\"204\",\"responseTime\":\"0.397\"}","timestamp":"2025-10-06T05:07:19.470Z"}
{"level":"\u001b[32minfo\u001b[39m","message":"{\"method\":\"POST\",\"url\":\"/api/v1/users/resend-verification\",\"status\":\"200\",\"responseTime\":\"3014.950\"}","timestamp":"2025-10-06T05:07:22.489Z"}
{"level":"\u001b[32minfo\u001b[39m","message":"{\"method\":\"OPTIONS\",\"url\":\"/api/v1/users/login\",\"status\":\"204\",\"responseTime\":\"1.770\"}","timestamp":"2025-10-06T05:07:46.064Z"}
{"level":"\u001b[32minfo\u001b[39m","message":"{\"method\":\"POST\",\"url\":\"/api/v1/users/login\",\"status\":\"403\",\"responseTime\":\"72.640\"}","timestamp":"2025-10-06T05:07:46.143Z"}
{"level":"\u001b[32minfo\u001b[39m","message":"{\"method\":\"OPTIONS\",\"url\":\"/api/v1/users/login\",\"status\":\"204\",\"responseTime\":\"0.271\"}","timestamp":"2025-10-06T05:08:15.868Z"}
{"level":"\u001b[32minfo\u001b[39m","message":"{\"method\":\"POST\",\"url\":\"/api/v1/users/login\",\"status\":\"200\",\"responseTime\":\"209.606\"}","timestamp":"2025-10-06T05:08:16.080Z"}
{"level":"\u001b[32minfo\u001b[39m","message":"Server is running on port 4000","timestamp":"2025-10-06T05:26:35.699Z"}
{"level":"\u001b[32minfo\u001b[39m","message":"Server is running on port 4000","timestamp":"2025-10-06T05:26:48.638Z"}
{"level":"\u001b[32minfo\u001b[39m","message":"Server is running on port 4000","timestamp":"2025-10-06T08:31:10.929Z"}
{"level":"\u001b[32minfo\u001b[39m","message":"Server is running on port 4000","timestamp":"2025-10-06T08:31:10.979Z"}
{"level":"\u001b[32minfo\u001b[39m","message":"🚀 Server running on port 5000","timestamp":"2025-12-10T13:51:24.472Z"}
{"level":"\u001b[32minfo\u001b[39m","message":"🚀 Server running on port 5000","timestamp":"2025-12-10T13:55:03.871Z"}
{"level":"\u001b[32minfo\u001b[39m","message":"🚀 Server running on port 5000","timestamp":"2025-12-10T13:56:00.411Z"}
{"level":"\u001b[32minfo\u001b[39m","message":"🚀 Server running on port 4000","timestamp":"2025-12-10T13:58:53.136Z"}
{"level":"\u001b[32minfo\u001b[39m","message":"{\"method\":\"OPTIONS\",\"url\":\"/api/v1/users/signUp\",\"status\":\"204\",\"responseTime\":\"1.818\"}","timestamp":"2025-12-10T13:59:12.492Z"}
{"level":"\u001b[32minfo\u001b[39m","message":"{\"method\":\"POST\",\"url\":\"/api/v1/users/signUp\",\"status\":\"201\",\"responseTime\":\"3059.198\"}","timestamp":"2025-12-10T13:59:15.574Z"}
{"level":"\u001b[32minfo\u001b[39m","message":"{\"method\":\"OPTIONS\",\"url\":\"/api/v1/users/login\",\"status\":\"204\",\"responseTime\":\"0.273\"}","timestamp":"2025-12-10T14:02:57.217Z"}
{"level":"\u001b[32minfo\u001b[39m","message":"{\"method\":\"POST\",\"url\":\"/api/v1/users/login\",\"status\":\"403\",\"responseTime\":\"48.346\"}","timestamp":"2025-12-10T14:02:57.268Z"}
{"level":"\u001b[32minfo\u001b[39m","message":"{\"method\":\"OPTIONS\",\"url\":\"/api/v1/users/resend-verification\",\"status\":\"204\",\"responseTime\":\"0.371\"}","timestamp":"2025-12-10T14:03:07.689Z"}
{"level":"\u001b[32minfo\u001b[39m","message":"{\"method\":\"POST\",\"url\":\"/api/v1/users/resend-verification\",\"status\":\"200\",\"responseTime\":\"2660.240\"}","timestamp":"2025-12-10T14:03:10.352Z"}
{"level":"\u001b[32minfo\u001b[39m","message":"{\"method\":\"GET\",\"url\":\"/api/v1/users/verify-email?token=66d213e383dbd37c7dc058351d2cb836682aeda8d376aa831f535a3a9dcd567d\",\"status\":\"200\",\"responseTime\":\"100.456\"}","timestamp":"2025-12-10T14:05:17.603Z"}
{"level":"\u001b[32minfo\u001b[39m","message":"{\"method\":\"GET\",\"url\":\"/api/v1/users/verify-email?token=66d213e383dbd37c7dc058351d2cb836682aeda8d376aa831f535a3a9dcd567d\",\"status\":\"400\",\"responseTime\":\"84.254\"}","timestamp":"2025-12-10T14:05:17.689Z"}
{"level":"\u001b[32minfo\u001b[39m","message":"{\"method\":\"OPTIONS\",\"url\":\"/api/v1/users/login\",\"status\":\"204\",\"responseTime\":\"0.400\"}","timestamp":"2025-12-10T14:05:32.338Z"}
{"level":"\u001b[32minfo\u001b[39m","message":"{\"method\":\"POST\",\"url\":\"/api/v1/users/login\",\"status\":\"200\",\"responseTime\":\"120.546\"}","timestamp":"2025-12-10T14:05:32.460Z"}
{"level":"\u001b[32minfo\u001b[39m","message":"{\"method\":\"OPTIONS\",\"url\":\"/api/v1/users/login\",\"status\":\"204\",\"responseTime\":\"0.185\"}","timestamp":"2025-12-10T14:10:20.864Z"}
{"level":"\u001b[32minfo\u001b[39m","message":"{\"method\":\"POST\",\"url\":\"/api/v1/users/login\",\"status\":\"200\",\"responseTime\":\"119.718\"}","timestamp":"2025-12-10T14:10:20.986Z"}
{"level":"\u001b[32minfo\u001b[39m","message":"🚀 Server running on port 4000","timestamp":"2025-12-10T15:32:45.525Z"}
{"level":"\u001b[32minfo\u001b[39m","message":"{\"method\":\"POST\",\"url\":\"/chat/rag\",\"status\":\"200\",\"responseTime\":\"1673.392\"}","timestamp":"2025-12-10T15:37:23.831Z"}
{"level":"\u001b[32minfo\u001b[39m","message":"{\"method\":\"OPTIONS\",\"url\":\"/api/v1/users/login\",\"status\":\"204\",\"responseTime\":\"6.547\"}","timestamp":"2025-12-10T16:07:56.350Z"}
{"level":"\u001b[32minfo\u001b[39m","message":"{\"method\":\"POST\",\"url\":\"/api/v1/users/login\",\"status\":\"200\",\"responseTime\":\"192.703\"}","timestamp":"2025-12-10T16:07:56.556Z"}
{"level":"\u001b[32minfo\u001b[39m","message":"{\"method\":\"OPTIONS\",\"url\":\"/chat/rag\",\"status\":\"204\",\"responseTime\":\"0.722\"}","timestamp":"2025-12-10T16:09:24.552Z"}
{"level":"\u001b[32minfo\u001b[39m","message":"{\"method\":\"POST\",\"url\":\"/chat/rag\",\"status\":\"200\",\"responseTime\":\"2225.794\"}","timestamp":"2025-12-10T16:09:26.783Z"}
{"level":"\u001b[32minfo\u001b[39m","message":"{\"method\":\"OPTIONS\",\"url\":\"/chat/rag\",\"status\":\"204\",\"responseTime\":\"0.117\"}","timestamp":"2025-12-10T16:10:40.058Z"}
{"level":"\u001b[32minfo\u001b[39m","message":"{\"method\":\"POST\",\"url\":\"/chat/rag\",\"status\":\"200\",\"responseTime\":\"1622.629\"}","timestamp":"2025-12-10T16:10:41.683Z"}
{"level":"\u001b[32minfo\u001b[39m","message":"{\"method\":\"OPTIONS\",\"url\":\"/chat/rag\",\"status\":\"204\",\"responseTime\":\"3.449\"}","timestamp":"2025-12-10T16:28:35.229Z"}
{"level":"\u001b[32minfo\u001b[39m","message":"{\"method\":\"POST\",\"url\":\"/chat/rag\",\"status\":\"200\",\"responseTime\":\"2172.048\"}","timestamp":"2025-12-10T16:28:37.421Z"}
{"level":"\u001b[32minfo\u001b[39m","message":"{\"method\":\"OPTIONS\",\"url\":\"/chat/rag\",\"status\":\"204\",\"responseTime\":\"4.850\"}","timestamp":"2025-12-10T17:17:38.558Z"}
{"level":"\u001b[32minfo\u001b[39m","message":"{\"method\":\"POST\",\"url\":\"/chat/rag\",\"status\":\"200\",\"responseTime\":\"2047.503\"}","timestamp":"2025-12-10T17:17:40.629Z"}
{"level":"\u001b[32minfo\u001b[39m","message":"{\"method\":\"OPTIONS\",\"url\":\"/chat/rag\",\"status\":\"204\",\"responseTime\":\"0.358\"}","timestamp":"2025-12-10T17:18:17.742Z"}
{"level":"\u001b[32minfo\u001b[39m","message":"{\"method\":\"POST\",\"url\":\"/chat/rag\",\"status\":\"200\",\"responseTime\":\"1637.410\"}","timestamp":"2025-12-10T17:18:19.381Z"}
{"level":"\u001b[32minfo\u001b[39m","message":"{\"method\":\"OPTIONS\",\"url\":\"/api/v1/users/login\",\"status\":\"204\",\"responseTime\":\"1.552\"}","timestamp":"2025-12-10T17:44:09.675Z"}
{"level":"\u001b[32minfo\u001b[39m","message":"{\"method\":\"POST\",\"url\":\"/api/v1/users/login\",\"status\":\"200\",\"responseTime\":\"492.091\"}","timestamp":"2025-12-10T17:44:10.173Z"}
{"level":"\u001b[32minfo\u001b[39m","message":"🚀 Server running on port 4000","timestamp":"2025-12-10T17:53:30.165Z"}
{"level":"\u001b[32minfo\u001b[39m","message":"{\"method\":\"OPTIONS\",\"url\":\"/api/v1/users/login\",\"status\":\"204\",\"responseTime\":\"1.774\"}","timestamp":"2025-12-10T17:54:00.466Z"}
{"level":"\u001b[32minfo\u001b[39m","message":"{\"method\":\"POST\",\"url\":\"/api/v1/users/login\",\"status\":\"200\",\"responseTime\":\"119.430\"}","timestamp":"2025-12-10T17:54:00.605Z"}
{"level":"\u001b[32minfo\u001b[39m","message":"{\"method\":\"OPTIONS\",\"url\":\"/api/v1/users/login\",\"status\":\"204\",\"responseTime\":\"3.414\"}","timestamp":"2025-12-10T18:18:21.142Z"}
{"level":"\u001b[32minfo\u001b[39m","message":"{\"method\":\"POST\",\"url\":\"/api/v1/users/login\",\"status\":\"200\",\"responseTime\":\"151.659\"}","timestamp":"2025-12-10T18:18:21.309Z"}
{"level":"\u001b[32minfo\u001b[39m","message":"{\"method\":\"OPTIONS\",\"url\":\"/api/v1/users/login\",\"status\":\"204\",\"responseTime\":\"1.493\"}","timestamp":"2025-12-10T18:42:22.225Z"}
{"level":"\u001b[32minfo\u001b[39m","message":"{\"method\":\"POST\",\"url\":\"/api/v1/users/login\",\"status\":\"200\",\"responseTime\":\"405.161\"}","timestamp":"2025-12-10T18:42:22.639Z"}
{"level":"\u001b[32minfo\u001b[39m","message":"{\"method\":\"OPTIONS\",\"url\":\"/api/v1/users/login\",\"status\":\"204\",\"responseTime\":\"1.172\"}","timestamp":"2025-12-10T18:51:38.456Z"}
{"level":"\u001b[32minfo\u001b[39m","message":"{\"method\":\"POST\",\"url\":\"/api/v1/users/login\",\"status\":\"200\",\"responseTime\":\"116.046\"}","timestamp":"2025-12-10T18:51:38.577Z"}
{"level":"\u001b[32minfo\u001b[39m","message":"🚀 Server running on port 4000","timestamp":"2025-12-10T19:01:05.379Z"}
{"level":"\u001b[32minfo\u001b[39m","message":"{\"method\":\"OPTIONS\",\"url\":\"/api/v1/users/login\",\"status\":\"204\",\"responseTime\":\"1.398\"}","timestamp":"2025-12-10T19:01:26.293Z"}
{"level":"\u001b[32minfo\u001b[39m","message":"{\"method\":\"POST\",\"url\":\"/api/v1/users/login\",\"status\":\"200\",\"responseTime\":\"122.427\"}","timestamp":"2025-12-10T19:01:26.436Z"}
{"level":"\u001b[32minfo\u001b[39m","message":"{\"method\":\"OPTIONS\",\"url\":\"/api/reports/save\",\"status\":\"204\",\"responseTime\":\"4.632\"}","timestamp":"2025-12-10T19:41:49.684Z"}
{"level":"\u001b[32minfo\u001b[39m","message":"{\"method\":\"POST\",\"url\":\"/api/reports/save\",\"status\":\"404\",\"responseTime\":\"4.105\"}","timestamp":"2025-12-10T19:41:49.701Z"}
{"level":"\u001b[32minfo\u001b[39m","message":"{\"method\":\"POST\",\"url\":\"/api/reports/save\",\"status\":\"404\",\"responseTime\":\"0.340\"}","timestamp":"2025-12-10T19:41:53.530Z"}
{"level":"\u001b[32minfo\u001b[39m","message":"{\"method\":\"POST\",\"url\":\"/api/reports/save\",\"status\":\"404\",\"responseTime\":\"1.816\"}","timestamp":"2025-12-10T19:41:54.502Z"}
{"level":"\u001b[32minfo\u001b[39m","message":"{\"method\":\"POST\",\"url\":\"/api/reports/save\",\"status\":\"404\",\"responseTime\":\"0.129\"}","timestamp":"2025-12-10T19:41:54.676Z"}
{"level":"\u001b[32minfo\u001b[39m","message":"{\"method\":\"OPTIONS\",\"url\":\"/api/reports/save\",\"status\":\"204\",\"responseTime\":\"0.134\"}","timestamp":"2025-12-10T19:41:54.818Z"}
{"level":"\u001b[32minfo\u001b[39m","message":"{\"method\":\"POST\",\"url\":\"/api/reports/save\",\"status\":\"404\",\"responseTime\":\"0.373\"}","timestamp":"2025-12-10T19:41:54.822Z"}
{"level":"\u001b[32minfo\u001b[39m","message":"{\"method\":\"POST\",\"url\":\"/api/reports/save\",\"status\":\"404\",\"responseTime\":\"0.203\"}","timestamp":"2025-12-10T19:41:58.891Z"}
{"level":"\u001b[32minfo\u001b[39m","message":"{\"method\":\"POST\",\"url\":\"/api/reports/save\",\"status\":\"404\",\"responseTime\":\"0.357\"}","timestamp":"2025-12-10T19:41:59.059Z"}
{"level":"\u001b[32minfo\u001b[39m","message":"{\"method\":\"POST\",\"url\":\"/api/reports/save\",\"status\":\"404\",\"responseTime\":\"0.268\"}","timestamp":"2025-12-10T19:41:59.226Z"}
{"level":"\u001b[32minfo\u001b[39m","message":"{\"method\":\"POST\",\"url\":\"/api/reports/save\",\"status\":\"404\",\"responseTime\":\"0.242\"}","timestamp":"2025-12-10T19:41:59.627Z"}
{"level":"\u001b[32minfo\u001b[39m","message":"{\"method\":\"OPTIONS\",\"url\":\"/api/reports/save\",\"status\":\"204\",\"responseTime\":\"0.146\"}","timestamp":"2025-12-10T19:42:01.119Z"}
{"level":"\u001b[32minfo\u001b[39m","message":"{\"method\":\"POST\",\"url\":\"/api/reports/save\",\"status\":\"404\",\"responseTime\":\"0.188\"}","timestamp":"2025-12-10T19:42:01.121Z"}
{"level":"\u001b[32minfo\u001b[39m","message":"{\"method\":\"POST\",\"url\":\"/api/reports/save\",\"status\":\"404\",\"responseTime\":\"0.158\"}","timestamp":"2025-12-10T19:42:01.576Z"}
{"level":"\u001b[32minfo\u001b[39m","message":"{\"method\":\"OPTIONS\",\"url\":\"/api/reports/save\",\"status\":\"204\",\"responseTime\":\"0.183\"}","timestamp":"2025-12-10T19:42:32.273Z"}
{"level":"\u001b[32minfo\u001b[39m","message":"{\"method\":\"POST\",\"url\":\"/api/reports/save\",\"status\":\"404\",\"responseTime\":\"0.209\"}","timestamp":"2025-12-10T19:42:32.275Z"}
{"level":"\u001b[32minfo\u001b[39m","message":"{\"method\":\"POST\",\"url\":\"/api/reports/save\",\"status\":\"404\",\"responseTime\":\"0.185\"}","timestamp":"2025-12-10T19:42:32.416Z"}
{"level":"\u001b[32minfo\u001b[39m","message":"{\"method\":\"POST\",\"url\":\"/api/reports/save\",\"status\":\"404\",\"responseTime\":\"0.189\"}","timestamp":"2025-12-10T19:42:32.888Z"}
{"level":"\u001b[32minfo\u001b[39m","message":"{\"method\":\"OPTIONS\",\"url\":\"/api/reports/save\",\"status\":\"204\",\"responseTime\":\"0.159\"}","timestamp":"2025-12-10T19:42:41.920Z"}
{"level":"\u001b[32minfo\u001b[39m","message":"{\"method\":\"POST\",\"url\":\"/api/reports/save\",\"status\":\"404\",\"responseTime\":\"0.340\"}","timestamp":"2025-12-10T19:42:41.922Z"}
{"level":"\u001b[32minfo\u001b[39m","message":"{\"method\":\"OPTIONS\",\"url\":\"/api/v1/users/login\",\"status\":\"204\",\"responseTime\":\"1.043\"}","timestamp":"2025-12-10T20:09:42.337Z"}
{"level":"\u001b[32minfo\u001b[39m","message":"{\"method\":\"POST\",\"url\":\"/api/v1/users/login\",\"status\":\"200\",\"responseTime\":\"169.075\"}","timestamp":"2025-12-10T20:09:42.512Z"}
{"level":"\u001b[32minfo\u001b[39m","message":"{\"method\":\"OPTIONS\",\"url\":\"/api/v1/users/login\",\"status\":\"204\",\"responseTime\":\"1.028\"}","timestamp":"2025-12-10T20:16:42.130Z"}
{"level":"\u001b[32minfo\u001b[39m","message":"{\"method\":\"POST\",\"url\":\"/api/v1/users/login\",\"status\":\"200\",\"responseTime\":\"464.481\"}","timestamp":"2025-12-10T20:16:42.599Z"}
{"level":"\u001b[32minfo\u001b[39m","message":"{\"method\":\"OPTIONS\",\"url\":\"/api/v1/users/login\",\"status\":\"204\",\"responseTime\":\"0.262\"}","timestamp":"2025-12-10T20:19:12.457Z"}
{"level":"\u001b[32minfo\u001b[39m","message":"{\"method\":\"POST\",\"url\":\"/api/v1/users/login\",\"status\":\"200\",\"responseTime\":\"100.754\"}","timestamp":"2025-12-10T20:19:12.560Z"}
{"level":"\u001b[32minfo\u001b[39m","message":"{\"method\":\"OPTIONS\",\"url\":\"/api/v1/users/login\",\"status\":\"204\",\"responseTime\":\"0.710\"}","timestamp":"2025-12-10T20:22:59.458Z"}
{"level":"\u001b[32minfo\u001b[39m","message":"{\"method\":\"POST\",\"url\":\"/api/v1/users/login\",\"status\":\"200\",\"responseTime\":\"109.457\"}","timestamp":"2025-12-10T20:22:59.571Z"}
{"level":"\u001b[32minfo\u001b[39m","message":"{\"method\":\"OPTIONS\",\"url\":\"/api/v1/users/login\",\"status\":\"204\",\"responseTime\":\"0.147\"}","timestamp":"2025-12-10T20:23:48.787Z"}
{"level":"\u001b[32minfo\u001b[39m","message":"{\"method\":\"POST\",\"url\":\"/api/v1/users/login\",\"status\":\"200\",\"responseTime\":\"109.692\"}","timestamp":"2025-12-10T20:23:48.899Z"}
{"level":"\u001b[32minfo\u001b[39m","message":"{\"method\":\"OPTIONS\",\"url\":\"/api/v1/users/login\",\"status\":\"204\",\"responseTime\":\"0.138\"}","timestamp":"2025-12-10T20:31:04.922Z"}
{"level":"\u001b[32minfo\u001b[39m","message":"{\"method\":\"POST\",\"url\":\"/api/v1/users/login\",\"status\":\"200\",\"responseTime\":\"98.679\"}","timestamp":"2025-12-10T20:31:05.023Z"}
{"level":"\u001b[32minfo\u001b[39m","message":"🚀 Server running on port 4000","timestamp":"2025-12-11T08:37:23.310Z"}
{"level":"\u001b[32minfo\u001b[39m","message":"{\"method\":\"OPTIONS\",\"url\":\"/api/v1/users/login\",\"status\":\"204\",\"responseTime\":\"2.867\"}","timestamp":"2025-12-11T08:39:22.744Z"}
{"level":"\u001b[32minfo\u001b[39m","message":"{\"method\":\"POST\",\"url\":\"/api/v1/users/login\",\"status\":\"200\",\"responseTime\":\"131.730\"}","timestamp":"2025-12-11T08:39:22.899Z"}
{"level":"\u001b[32minfo\u001b[39m","message":"🚀 Server running on port 4000","timestamp":"2025-12-11T09:03:26.570Z"}
{"level":"\u001b[32minfo\u001b[39m","message":"{\"method\":\"OPTIONS\",\"url\":\"/api/v1/users/login\",\"status\":\"204\",\"responseTime\":\"1.384\"}","timestamp":"2025-12-11T09:03:45.670Z"}
{"level":"\u001b[32minfo\u001b[39m","message":"{\"method\":\"POST\",\"url\":\"/api/v1/users/login\",\"status\":\"200\",\"responseTime\":\"131.565\"}","timestamp":"2025-12-11T09:03:45.825Z"}
{"level":"\u001b[32minfo\u001b[39m","message":"🚀 Server running on port 4000","timestamp":"2025-12-11T09:56:16.564Z"}
{"level":"\u001b[32minfo\u001b[39m","message":"{\"method\":\"OPTIONS\",\"url\":\"/api/v1/users/login\",\"status\":\"204\",\"responseTime\":\"1.722\"}","timestamp":"2025-12-11T09:56:43.568Z"}
{"level":"\u001b[32minfo\u001b[39m","message":"{\"method\":\"POST\",\"url\":\"/api/v1/users/login\",\"status\":\"200\",\"responseTime\":\"128.260\"}","timestamp":"2025-12-11T09:56:43.716Z"}
{"level":"\u001b[32minfo\u001b[39m","message":"{\"method\":\"OPTIONS\",\"url\":\"/api/v1/users/login\",\"status\":\"204\",\"responseTime\":\"0.666\"}","timestamp":"2025-12-11T10:03:23.993Z"}
{"level":"\u001b[32minfo\u001b[39m","message":"{\"method\":\"POST\",\"url\":\"/api/v1/users/login\",\"status\":\"200\",\"responseTime\":\"102.897\"}","timestamp":"2025-12-11T10:03:24.100Z"}
{"level":"\u001b[32minfo\u001b[39m","message":"🚀 Server running on port 4000","timestamp":"2025-12-11T11:21:44.411Z"}
{"level":"\u001b[32minfo\u001b[39m","message":"{\"method\":\"OPTIONS\",\"url\":\"/api/v1/users/login\",\"status\":\"204\",\"responseTime\":\"2.319\"}","timestamp":"2025-12-11T11:22:01.201Z"}
{"level":"\u001b[32minfo\u001b[39m","message":"{\"method\":\"POST\",\"url\":\"/api/v1/users/login\",\"status\":\"200\",\"responseTime\":\"122.218\"}","timestamp":"2025-12-11T11:22:01.344Z"}
{"level":"\u001b[32minfo\u001b[39m","message":"🚀 Server running on port 4000","timestamp":"2025-12-11T11:54:31.067Z"}
{"level":"\u001b[32minfo\u001b[39m","message":"{\"method\":\"OPTIONS\",\"url\":\"/api/v1/users/login\",\"status\":\"204\",\"responseTime\":\"1.277\"}","timestamp":"2025-12-11T11:54:42.473Z"}
{"level":"\u001b[32minfo\u001b[39m","message":"{\"method\":\"POST\",\"url\":\"/api/v1/users/login\",\"status\":\"200\",\"responseTime\":\"126.824\"}","timestamp":"2025-12-11T11:54:42.624Z"}
{"level":"\u001b[32minfo\u001b[39m","message":"🚀 Server running on port 4000","timestamp":"2025-12-11T13:03:13.258Z"}
{"level":"\u001b[32minfo\u001b[39m","message":"{\"method\":\"OPTIONS\",\"url\":\"/api/v1/users/login\",\"status\":\"204\",\"responseTime\":\"1.488\"}","timestamp":"2025-12-11T13:03:36.740Z"}
{"level":"\u001b[32minfo\u001b[39m","message":"{\"method\":\"POST\",\"url\":\"/api/v1/users/login\",\"status\":\"200\",\"responseTime\":\"123.703\"}","timestamp":"2025-12-11T13:03:36.884Z"}
{"level":"\u001b[32minfo\u001b[39m","message":"🚀 Server running on port 4000","timestamp":"2025-12-11T13:20:27.712Z"}
{"level":"\u001b[32minfo\u001b[39m","message":"{\"method\":\"OPTIONS\",\"url\":\"/api/v1/users/login\",\"status\":\"204\",\"responseTime\":\"3.199\"}","timestamp":"2025-12-11T13:21:17.772Z"}
{"level":"\u001b[32minfo\u001b[39m","message":"{\"method\":\"POST\",\"url\":\"/api/v1/users/login\",\"status\":\"200\",\"responseTime\":\"131.643\"}","timestamp":"2025-12-11T13:21:17.924Z"}
{"level":"\u001b[32minfo\u001b[39m","message":"{\"method\":\"OPTIONS\",\"url\":\"/api/v1/users/login\",\"status\":\"204\",\"responseTime\":\"3.991\"}","timestamp":"2025-12-11T13:30:46.608Z"}
{"level":"\u001b[32minfo\u001b[39m","message":"{\"method\":\"POST\",\"url\":\"/api/v1/users/login\",\"status\":\"200\",\"responseTime\":\"408.290\"}","timestamp":"2025-12-11T13:30:47.024Z"}
{"level":"\u001b[32minfo\u001b[39m","message":"{\"method\":\"OPTIONS\",\"url\":\"/api/v1/users/login\",\"status\":\"204\",\"responseTime\":\"0.140\"}","timestamp":"2025-12-11T13:31:54.800Z"}
{"level":"\u001b[32minfo\u001b[39m","message":"{\"method\":\"POST\",\"url\":\"/api/v1/users/login\",\"status\":\"200\",\"responseTime\":\"389.935\"}","timestamp":"2025-12-11T13:31:55.193Z"}
{"level":"\u001b[32minfo\u001b[39m","message":"{\"method\":\"OPTIONS\",\"url\":\"/api/v1/users/signUp\",\"status\":\"204\",\"responseTime\":\"0.363\"}","timestamp":"2025-12-11T13:43:56.127Z"}
{"level":"\u001b[32minfo\u001b[39m","message":"{\"method\":\"POST\",\"url\":\"/api/v1/users/signUp\",\"status\":\"201\",\"responseTime\":\"2861.689\"}","timestamp":"2025-12-11T13:43:58.992Z"}
{"level":"\u001b[32minfo\u001b[39m","message":"🚀 Server running on port 4000","timestamp":"2025-12-11T13:48:33.890Z"}
{"level":"\u001b[32minfo\u001b[39m","message":"{\"method\":\"OPTIONS\",\"url\":\"/api/v1/users/signUp\",\"status\":\"204\",\"responseTime\":\"1.401\"}","timestamp":"2025-12-11T13:48:57.422Z"}
{"level":"\u001b[32minfo\u001b[39m","message":"{\"method\":\"POST\",\"url\":\"/api/v1/users/signUp\",\"status\":\"400\",\"responseTime\":\"58.802\"}","timestamp":"2025-12-11T13:48:57.500Z"}
{"level":"\u001b[32minfo\u001b[39m","message":"{\"method\":\"OPTIONS\",\"url\":\"/api/v1/users/login\",\"status\":\"204\",\"responseTime\":\"0.865\"}","timestamp":"2025-12-11T13:49:23.460Z"}
{"level":"\u001b[32minfo\u001b[39m","message":"{\"method\":\"POST\",\"url\":\"/api/v1/users/login\",\"status\":\"403\",\"responseTime\":\"44.236\"}","timestamp":"2025-12-11T13:49:23.506Z"}
{"level":"\u001b[32minfo\u001b[39m","message":"{\"method\":\"GET\",\"url\":\"/api/v1/users/verify-email?token=5ae0532579497537e141721cbfad0d8cad35d4ebbde4834e706e7c6e5d07fc32\",\"status\":\"200\",\"responseTime\":\"136.154\"}","timestamp":"2025-12-11T13:52:48.507Z"}
{"level":"\u001b[32minfo\u001b[39m","message":"{\"method\":\"GET\",\"url\":\"/api/v1/users/verify-email?token=5ae0532579497537e141721cbfad0d8cad35d4ebbde4834e706e7c6e5d07fc32\",\"status\":\"400\",\"responseTime\":\"81.996\"}","timestamp":"2025-12-11T13:52:48.593Z"}
{"level":"\u001b[32minfo\u001b[39m","message":"{\"method\":\"OPTIONS\",\"url\":\"/api/v1/users/login\",\"status\":\"204\",\"responseTime\":\"0.146\"}","timestamp":"2025-12-11T13:53:05.039Z"}
{"level":"\u001b[32minfo\u001b[39m","message":"{\"method\":\"POST\",\"url\":\"/api/v1/users/login\",\"status\":\"200\",\"responseTime\":\"141.941\"}","timestamp":"2025-12-11T13:53:05.184Z"}
{"level":"\u001b[32minfo\u001b[39m","message":"🚀 Server running on port 4000","timestamp":"2025-12-11T16:26:27.687Z"}
{"level":"\u001b[32minfo\u001b[39m","message":"{\"method\":\"OPTIONS\",\"url\":\"/api/v1/users/login\",\"status\":\"204\",\"responseTime\":\"3.688\"}","timestamp":"2025-12-11T16:27:51.744Z"}
{"level":"\u001b[32minfo\u001b[39m","message":"{\"method\":\"POST\",\"url\":\"/api/v1/users/login\",\"status\":\"200\",\"responseTime\":\"149.371\"}","timestamp":"2025-12-11T16:27:51.919Z"}
{"level":"\u001b[32minfo\u001b[39m","message":"{\"method\":\"GET\",\"url\":\"/api/reports/delete-all\",\"status\":\"404\",\"responseTime\":\"21.411\"}","timestamp":"2025-12-11T16:48:24.210Z"}
{"level":"\u001b[32minfo\u001b[39m","message":"{\"method\":\"GET\",\"url\":\"/api/reports/delete-all\",\"status\":\"404\",\"responseTime\":\"0.873\"}","timestamp":"2025-12-11T16:50:39.298Z"}
{"level":"\u001b[32minfo\u001b[39m","message":"🚀 Server running on port 4000","timestamp":"2025-12-11T17:52:28.011Z"}
{"level":"\u001b[32minfo\u001b[39m","message":"{\"method\":\"OPTIONS\",\"url\":\"/api/v1/users/login\",\"status\":\"204\",\"responseTime\":\"1.556\"}","timestamp":"2025-12-11T17:52:46.808Z"}
{"level":"\u001b[32minfo\u001b[39m","message":"{\"method\":\"POST\",\"url\":\"/api/v1/users/login\",\"status\":\"200\",\"responseTime\":\"121.694\"}","timestamp":"2025-12-11T17:52:46.949Z"}
{"level":"\u001b[32minfo\u001b[39m","message":"{\"method\":\"OPTIONS\",\"url\":\"/api/v1/users/signUp\",\"status\":\"204\",\"responseTime\":\"5.029\"}","timestamp":"2025-12-11T18:23:20.674Z"}
{"level":"\u001b[32minfo\u001b[39m","message":"{\"method\":\"POST\",\"url\":\"/api/v1/users/signUp\",\"status\":\"500\",\"responseTime\":\"2051.061\"}","timestamp":"2025-12-11T18:23:22.738Z"}
{"level":"\u001b[32minfo\u001b[39m","message":"{\"method\":\"OPTIONS\",\"url\":\"/api/v1/users/signUp\",\"status\":\"204\",\"responseTime\":\"0.148\"}","timestamp":"2025-12-11T18:26:01.442Z"}
{"level":"\u001b[32minfo\u001b[39m","message":"{\"method\":\"POST\",\"url\":\"/api/v1/users/signUp\",\"status\":\"500\",\"responseTime\":\"1206.133\"}","timestamp":"2025-12-11T18:26:02.651Z"}
{"level":"\u001b[32minfo\u001b[39m","message":"{\"method\":\"OPTIONS\",\"url\":\"/api/v1/users/signUp\",\"status\":\"204\",\"responseTime\":\"0.417\"}","timestamp":"2025-12-11T18:26:24.585Z"}
{"level":"\u001b[32minfo\u001b[39m","message":"{\"method\":\"POST\",\"url\":\"/api/v1/users/signUp\",\"status\":\"500\",\"responseTime\":\"1869.862\"}","timestamp":"2025-12-11T18:26:26.457Z"}
{"level":"\u001b[32minfo\u001b[39m","message":"🚀 Server running on port 4000","timestamp":"2025-12-11T18:27:11.863Z"}
{"level":"\u001b[32minfo\u001b[39m","message":"{\"method\":\"OPTIONS\",\"url\":\"/api/v1/users/signUp\",\"status\":\"204\",\"responseTime\":\"1.469\"}","timestamp":"2025-12-11T18:27:16.383Z"}
{"level":"\u001b[32minfo\u001b[39m","message":"{\"method\":\"POST\",\"url\":\"/api/v1/users/signUp\",\"status\":\"201\",\"responseTime\":\"3433.561\"}","timestamp":"2025-12-11T18:27:19.839Z"}
{"level":"\u001b[32minfo\u001b[39m","message":"🚀 Server running on port 4000","timestamp":"2025-12-11T18:28:58.861Z"}
{"level":"\u001b[32minfo\u001b[39m","message":"{\"method\":\"OPTIONS\",\"url\":\"/api/v1/users/signUp\",\"status\":\"204\",\"responseTime\":\"1.524\"}","timestamp":"2025-12-11T18:29:23.962Z"}
{"level":"\u001b[32minfo\u001b[39m","message":"{\"method\":\"POST\",\"url\":\"/api/v1/users/signUp\",\"status\":\"400\",\"responseTime\":\"53.232\"}","timestamp":"2025-12-11T18:29:24.029Z"}
{"level":"\u001b[32minfo\u001b[39m","message":"{\"method\":\"OPTIONS\",\"url\":\"/api/v1/users/signUp\",\"status\":\"204\",\"responseTime\":\"0.312\"}","timestamp":"2025-12-11T18:29:55.489Z"}
{"level":"\u001b[32minfo\u001b[39m","message":"{\"method\":\"POST\",\"url\":\"/api/v1/users/signUp\",\"status\":\"500\",\"responseTime\":\"1860.515\"}","timestamp":"2025-12-11T18:29:57.352Z"}
{"level":"\u001b[32minfo\u001b[39m","message":"{\"method\":\"OPTIONS\",\"url\":\"/api/v1/users/signUp\",\"status\":\"204\",\"responseTime\":\"0.376\"}","timestamp":"2025-12-11T18:30:00.863Z"}
{"level":"\u001b[32minfo\u001b[39m","message":"{\"method\":\"POST\",\"url\":\"/api/v1/users/signUp\",\"status\":\"500\",\"responseTime\":\"1880.066\"}","timestamp":"2025-12-11T18:30:02.747Z"}
{"level":"\u001b[32minfo\u001b[39m","message":"{\"method\":\"OPTIONS\",\"url\":\"/api/v1/users/signUp\",\"status\":\"204\",\"responseTime\":\"0.281\"}","timestamp":"2025-12-11T18:30:48.450Z"}
{"level":"\u001b[32minfo\u001b[39m","message":"{\"method\":\"POST\",\"url\":\"/api/v1/users/signUp\",\"status\":\"500\",\"responseTime\":\"2028.887\"}","timestamp":"2025-12-11T18:30:50.481Z"}
{"level":"\u001b[32minfo\u001b[39m","message":"🚀 Server running on port 4000","timestamp":"2025-12-11T18:31:03.937Z"}
{"level":"\u001b[32minfo\u001b[39m","message":"{\"method\":\"OPTIONS\",\"url\":\"/api/v1/users/signUp\",\"status\":\"204\",\"responseTime\":\"2.044\"}","timestamp":"2025-12-11T18:31:30.048Z"}
{"level":"\u001b[32minfo\u001b[39m","message":"{\"method\":\"POST\",\"url\":\"/api/v1/users/signUp\",\"status\":\"201\",\"responseTime\":\"2981.538\"}","timestamp":"2025-12-11T18:31:33.045Z"}
{"level":"\u001b[32minfo\u001b[39m","message":"{\"method\":\"GET\",\"url\":\"/api/v1/users/verify-email?token=e2258c2c3e06229c2dbcb904b36fd57ecce53535c6447f3eb67c18b1149ec095\",\"status\":\"200\",\"responseTime\":\"87.768\"}","timestamp":"2025-12-11T18:31:59.548Z"}
{"level":"\u001b[32minfo\u001b[39m","message":"{\"method\":\"GET\",\"url\":\"/api/v1/users/verify-email?token=e2258c2c3e06229c2dbcb904b36fd57ecce53535c6447f3eb67c18b1149ec095\",\"status\":\"400\",\"responseTime\":\"78.728\"}","timestamp":"2025-12-11T18:31:59.629Z"}
{"level":"\u001b[32minfo\u001b[39m","message":"{\"method\":\"OPTIONS\",\"url\":\"/api/v1/users/login\",\"status\":\"204\",\"responseTime\":\"0.215\"}","timestamp":"2025-12-11T18:32:20.423Z"}
{"level":"\u001b[32minfo\u001b[39m","message":"{\"method\":\"POST\",\"url\":\"/api/v1/users/login\",\"status\":\"200\",\"responseTime\":\"115.127\"}","timestamp":"2025-12-11T18:32:20.541Z"}
{"level":"\u001b[32minfo\u001b[39m","message":"{\"method\":\"OPTIONS\",\"url\":\"/api/v1/users/login\",\"status\":\"204\",\"responseTime\":\"1.837\"}","timestamp":"2025-12-11T18:48:11.736Z"}
{"level":"\u001b[32minfo\u001b[39m","message":"{\"method\":\"POST\",\"url\":\"/api/v1/users/login\",\"status\":\"200\",\"responseTime\":\"208.913\"}","timestamp":"2025-12-11T18:48:11.952Z"}
{"level":"\u001b[32minfo\u001b[39m","message":"🚀 Server running on port 4000","timestamp":"2025-12-11T19:37:16.517Z"}
{"level":"\u001b[32minfo\u001b[39m","message":"{\"method\":\"OPTIONS\",\"url\":\"/api/v1/users/login\",\"status\":\"204\",\"responseTime\":\"2.913\"}","timestamp":"2025-12-11T19:37:27.860Z"}
{"level":"\u001b[32minfo\u001b[39m","message":"{\"method\":\"POST\",\"url\":\"/api/v1/users/login\",\"status\":\"200\",\"responseTime\":\"116.962\"}","timestamp":"2025-12-11T19:37:27.995Z"}
{"level":"\u001b[32minfo\u001b[39m","message":"🚀 Server running on port 4000","timestamp":"2025-12-12T04:32:24.422Z"}
{"level":"\u001b[32minfo\u001b[39m","message":"{\"method\":\"OPTIONS\",\"url\":\"/api/v1/users/login\",\"status\":\"204\",\"responseTime\":\"2.392\"}","timestamp":"2025-12-12T04:32:38.382Z"}
{"level":"\u001b[32minfo\u001b[39m","message":"{\"method\":\"POST\",\"url\":\"/api/v1/users/login\",\"status\":\"200\",\"responseTime\":\"170.611\"}","timestamp":"2025-12-12T04:32:38.588Z"}
{"level":"\u001b[32minfo\u001b[39m","message":"{\"method\":\"OPTIONS\",\"url\":\"/api/v1/users/login\",\"status\":\"204\",\"responseTime\":\"5.375\"}","timestamp":"2025-12-12T05:37:42.199Z"}
{"level":"\u001b[32minfo\u001b[39m","message":"{\"method\":\"POST\",\"url\":\"/api/v1/users/login\",\"status\":\"200\",\"responseTime\":\"471.906\"}","timestamp":"2025-12-12T05:37:42.699Z"}
{"level":"\u001b[32minfo\u001b[39m","message":"{\"method\":\"OPTIONS\",\"url\":\"/api/v1/users/login\",\"status\":\"204\",\"responseTime\":\"0.970\"}","timestamp":"2025-12-12T06:03:14.329Z"}
{"level":"\u001b[32minfo\u001b[39m","message":"{\"method\":\"POST\",\"url\":\"/api/v1/users/login\",\"status\":\"200\",\"responseTime\":\"218.535\"}","timestamp":"2025-12-12T06:03:14.556Z"}
{"level":"\u001b[32minfo\u001b[39m","message":"{\"method\":\"OPTIONS\",\"url\":\"/api/v1/users/login\",\"status\":\"204\",\"responseTime\":\"0.388\"}","timestamp":"2025-12-12T06:10:26.502Z"}
{"level":"\u001b[32minfo\u001b[39m","message":"{\"method\":\"POST\",\"url\":\"/api/v1/users/login\",\"status\":\"200\",\"responseTime\":\"976.593\"}","timestamp":"2025-12-12T06:10:27.484Z"}
{"level":"\u001b[32minfo\u001b[39m","message":"{\"method\":\"OPTIONS\",\"url\":\"/api/v1/users/login\",\"status\":\"204\",\"responseTime\":\"0.793\"}","timestamp":"2025-12-12T06:17:49.412Z"}
{"level":"\u001b[32minfo\u001b[39m","message":"{\"method\":\"POST\",\"url\":\"/api/v1/users/login\",\"status\":\"200\",\"responseTime\":\"303.076\"}","timestamp":"2025-12-12T06:17:49.721Z"}
{"level":"\u001b[32minfo\u001b[39m","message":"🚀 Server running on port 4000","timestamp":"2025-12-16T13:45:27.455Z"}
{"level":"\u001b[32minfo\u001b[39m","message":"{\"method\":\"OPTIONS\",\"url\":\"/api/v1/users/login\",\"status\":\"204\",\"responseTime\":\"4.220\"}","timestamp":"2025-12-16T13:45:37.120Z"}
{"level":"\u001b[32minfo\u001b[39m","message":"{\"method\":\"POST\",\"url\":\"/api/v1/users/login\",\"status\":\"200\",\"responseTime\":\"526.612\"}","timestamp":"2025-12-16T13:45:37.682Z"}
